INFO  2025-12-26 22:44:44,876 serena.cli:health_check:695 - Starting health check for project: /Users/reidpritchard/Documents/School/Master/1-Fall25/Creative Code/LED-plotter
INFO  2025-12-26 22:44:44,876 serena.cli:health_check:699 - Creating SerenaAgent with disabled dashboard...
INFO  2025-12-26 22:44:44,879 serena.agent:__init__:226 - Will record tool usage statistics with token count estimator: CHAR_COUNT.
INFO  2025-12-26 22:44:44,939 serena.agent:__init__:230 - Starting Serena server (version=0.1.4-3bafb20b-dirty, process id=86911, parent process id=86910; language backend=LSP)
INFO  2025-12-26 22:44:44,939 serena.agent:__init__:234 - Configuration file: None
INFO  2025-12-26 22:44:44,940 serena.agent:__init__:235 - Available projects: 
INFO  2025-12-26 22:44:44,940 serena.agent:__init__:236 - Loaded tools (38): read_file, create_text_file, list_dir, find_file, replace_content, delete_lines, replace_lines, insert_at_line, search_for_pattern, restart_language_server, get_symbols_overview, find_symbol, find_referencing_symbols, replace_symbol_body, insert_after_symbol, insert_before_symbol, rename_symbol, write_memory, read_memory, list_memories, delete_memory, edit_memory, execute_shell_command, activate_project, remove_project, switch_modes, get_current_config, check_onboarding_performed, onboarding, think_about_collected_information, think_about_task_adherence, think_about_whether_you_are_done, summarize_changes, prepare_for_new_conversation, initial_instructions, jet_brains_find_symbol, jet_brains_find_referencing_symbols, jet_brains_get_symbols_overview
INFO  2025-12-26 22:44:44,940 serena.agent:apply:127 - SerenaAgentContext[name='desktop-app'] included 1 tools: switch_modes
INFO  2025-12-26 22:44:44,941 serena.agent:__init__:250 - Number of exposed tools: 29
INFO  2025-12-26 22:44:44,965 serena.agent:_update_active_tools:490 - Active tools (29): activate_project, check_onboarding_performed, create_text_file, delete_memory, edit_memory, execute_shell_command, find_file, find_referencing_symbols, find_symbol, get_current_config, get_symbols_overview, initial_instructions, insert_after_symbol, insert_before_symbol, list_dir, list_memories, onboarding, prepare_for_new_conversation, read_file, read_memory, rename_symbol, replace_content, replace_symbol_body, search_for_pattern, switch_modes, think_about_collected_information, think_about_task_adherence, think_about_whether_you_are_done, write_memory
INFO  2025-12-26 22:44:44,972 serena.util.file_system:start:360 - Loading of .gitignore files starting ...
INFO  2025-12-26 22:44:44,972 serena.util.file_system:_load_gitignore_files:148 - Processing .gitignore file: /Users/reidpritchard/Documents/School/Master/1-Fall25/Creative Code/LED-plotter/.gitignore
INFO  2025-12-26 22:44:44,972 serena.util.file_system:_load_gitignore_files:148 - Processing .gitignore file: /Users/reidpritchard/Documents/School/Master/1-Fall25/Creative Code/LED-plotter/App/.gitignore
INFO  2025-12-26 22:44:44,973 serena.util.file_system:_load_gitignore_files:148 - Processing .gitignore file: /Users/reidpritchard/Documents/School/Master/1-Fall25/Creative Code/LED-plotter/.serena/.gitignore
INFO  2025-12-26 22:44:44,974 serena.util.file_system:_load_gitignore_files:148 - Processing .gitignore file: /Users/reidpritchard/Documents/School/Master/1-Fall25/Creative Code/LED-plotter/App/.pixi/.gitignore
INFO  2025-12-26 22:44:44,974 serena.util.file_system:_load_gitignore_files:148 - Processing .gitignore file: /Users/reidpritchard/Documents/School/Master/1-Fall25/Creative Code/LED-plotter/App/.ruff_cache/.gitignore
INFO  2025-12-26 22:44:44,976 serena.util.file_system:stop:367 - Loading of .gitignore files completed in 0.004 seconds
INFO  2025-12-26 22:44:44,977 serena.agent:load_project_from_path_or_name:557 - Added new project LED-plotter for path /Users/reidpritchard/Documents/School/Master/1-Fall25/Creative Code/LED-plotter
INFO  2025-12-26 22:44:44,977 serena.agent:_activate_project:527 - Activating LED-plotter at /Users/reidpritchard/Documents/School/Master/1-Fall25/Creative Code/LED-plotter
INFO  2025-12-26 22:44:44,977 serena.agent:_update_active_tools:490 - Active tools (29): activate_project, check_onboarding_performed, create_text_file, delete_memory, edit_memory, execute_shell_command, find_file, find_referencing_symbols, find_symbol, get_current_config, get_symbols_overview, initial_instructions, insert_after_symbol, insert_before_symbol, list_dir, list_memories, onboarding, prepare_for_new_conversation, read_file, read_memory, rename_symbol, replace_content, replace_symbol_body, search_for_pattern, switch_modes, think_about_collected_information, think_about_task_adherence, think_about_whether_you_are_done, write_memory
INFO  2025-12-26 22:44:44,977 serena.task_executor:issue_task:192 - Scheduling Task-1:init_language_server_manager
INFO  2025-12-26 22:44:44,977 serena.cli:health_check:702 - SerenaAgent created successfully
INFO  2025-12-26 22:44:44,977 serena.cli:health_check:705 - Searching for analyzable files...
INFO  2025-12-26 22:44:44,988 serena.cli:health_check:714 - Found analyzable file: README.md
INFO  2025-12-26 22:44:44,988 serena.cli:health_check:732 - Testing GetSymbolsOverviewTool on file: README.md
INFO  2025-12-26 22:44:44,988 serena.task_executor:issue_task:192 - Scheduling Task-2:<lambda>
INFO  2025-12-26 22:44:45,044 serena.task_executor:_process_task_queue:123 - Starting execution of Task-1:init_language_server_manager
INFO  2025-12-26 22:44:45,045 serena.task_executor:start:360 - Task-1:init_language_server_manager starting ...
INFO  2025-12-26 22:44:45,045 serena.agent:start:360 - Language server initialization starting ...
INFO  2025-12-26 22:44:45,045 serena.project:create_language_server_manager:384 - Creating language server manager for /Users/reidpritchard/Documents/School/Master/1-Fall25/Creative Code/LED-plotter
INFO  2025-12-26 22:44:45,046 sensai.util.logging:start:360 - Language server startup (language=python) starting ...
INFO  2025-12-26 22:44:45,046 sensai.util.logging:start:360 - Language server startup (language=markdown) starting ...
INFO  2025-12-26 22:44:45,046 serena.ls_manager:create_language_server:41 - Creating language server instance for /Users/reidpritchard/Documents/School/Master/1-Fall25/Creative Code/LED-plotter, language=python.
INFO  2025-12-26 22:44:45,046 serena.ls_manager:create_language_server:41 - Creating language server instance for /Users/reidpritchard/Documents/School/Master/1-Fall25/Creative Code/LED-plotter, language=markdown.
INFO  2025-12-26 22:44:45,072 solidlsp.ls:_load_raw_document_symbols_cache:1754 - Loading document symbols cache from /Users/reidpritchard/Documents/School/Master/1-Fall25/Creative Code/LED-plotter/.serena/cache/python/raw_document_symbols.pkl
INFO  2025-12-26 22:44:45,077 solidlsp.ls:_load_raw_document_symbols_cache:1759 - Loaded 22 entries from raw document symbols cache.
INFO  2025-12-26 22:44:45,080 solidlsp.ls:_load_document_symbols_cache:1789 - Loading document symbols cache from /Users/reidpritchard/Documents/School/Master/1-Fall25/Creative Code/LED-plotter/.serena/cache/python/document_symbols.pkl
INFO  2025-12-26 22:44:45,086 solidlsp.language_servers.marksman:_setup_runtime_dependencies:79 - Downloading marksman from https://github.com/artempyanykh/marksman/releases/download/2024-12-18/marksman-macos to /Users/reidpritchard/.serena/language_servers/static/Marksman
INFO  2025-12-26 22:44:45,095 solidlsp.ls:_load_document_symbols_cache:1794 - Loaded 22 entries from document symbols cache.
INFO  2025-12-26 22:44:45,096 solidlsp.ls:start:1886 - Starting language server with language python for /Users/reidpritchard/Documents/School/Master/1-Fall25/Creative Code/LED-plotter
INFO  2025-12-26 22:44:45,096 solidlsp.language_servers.pyright_server:_start_server:169 - Starting pyright-langserver server process
INFO  2025-12-26 22:44:45,096 solidlsp.ls_handler:start:194 - Starting language server process via command: python -m pyright.langserver --stdio
INFO  2025-12-26 22:44:45,102 solidlsp.language_servers.pyright_server:_start_server:175 - Sending initialize request from LSP client to pyright server and awaiting response
INFO  2025-12-26 22:44:45,484 solidlsp.language_servers.pyright_server:window_log_message:139 - LSP: window/logMessage: Pyright language server 1.1.407 starting
INFO  2025-12-26 22:44:45,485 solidlsp.language_servers.pyright_server:window_log_message:139 - LSP: window/logMessage: Server root directory: file:///Users/reidpritchard/.cache/uv/archive-v0/gI_z_W1yITwGzBHWDadQW/lib/python3.12/site-packages/pyright/dist/dist
INFO  2025-12-26 22:44:45,489 solidlsp.language_servers.pyright_server:window_log_message:139 - LSP: window/logMessage: Starting service instance "LED-plotter"
INFO  2025-12-26 22:44:45,490 solidlsp.language_servers.pyright_server:_start_server:177 - Received initialize response from pyright server: {'capabilities': {'textDocumentSync': 2, 'definitionProvider': {'workDoneProgress': True}, 'declarationProvider': {'workDoneProgress': True}, 'typeDefinitionProvider': {'workDoneProgress': True}, 'referencesProvider': {'workDoneProgress': True}, 'documentSymbolProvider': {'workDoneProgress': True}, 'workspaceSymbolProvider': {'workDoneProgress': True}, 'hoverProvider': {'workDoneProgress': True}, 'documentHighlightProvider': {'workDoneProgress': True}, 'renameProvider': {'prepareProvider': True, 'workDoneProgress': True}, 'completionProvider': {'triggerCharacters': ['.', '[', '"', "'"], 'resolveProvider': True, 'workDoneProgress': True, 'completionItem': {'labelDetailsSupport': True}}, 'signatureHelpProvider': {'triggerCharacters': ['(', ',', ')'], 'workDoneProgress': True}, 'codeActionProvider': {'codeActionKinds': ['quickfix', 'source.organizeImports'], 'workDoneProgress': True}, 'executeCommandProvider': {'commands': [], 'workDoneProgress': True}, 'callHierarchyProvider': True, 'workspace': {'workspaceFolders': {'supported': True, 'changeNotifications': True}}}}
INFO  2025-12-26 22:44:45,490 solidlsp.language_servers.pyright_server:_start_server:189 - Waiting for Pyright to complete initial workspace analysis...
INFO  2025-12-26 22:44:45,664 solidlsp.language_servers.pyright_server:window_log_message:139 - LSP: window/logMessage: No include entries specified; assuming /Users/reidpritchard/Documents/School/Master/1-Fall25/Creative Code/LED-plotter
INFO  2025-12-26 22:44:45,664 solidlsp.language_servers.pyright_server:window_log_message:139 - LSP: window/logMessage: Auto-excluding **/node_modules
INFO  2025-12-26 22:44:45,664 solidlsp.language_servers.pyright_server:window_log_message:139 - LSP: window/logMessage: Auto-excluding **/__pycache__
INFO  2025-12-26 22:44:45,664 solidlsp.language_servers.pyright_server:window_log_message:139 - LSP: window/logMessage: Auto-excluding **/.*
INFO  2025-12-26 22:44:45,664 solidlsp.language_servers.pyright_server:window_log_message:139 - LSP: window/logMessage: Assuming Python version 3.12.11.final.0
INFO  2025-12-26 22:44:45,678 solidlsp.language_servers.pyright_server:window_log_message:139 - LSP: window/logMessage: Found 21 source files
INFO  2025-12-26 22:44:45,678 solidlsp.language_servers.pyright_server:window_log_message:144 - Pyright workspace scanning complete
INFO  2025-12-26 22:44:45,678 solidlsp.language_servers.pyright_server:_start_server:191 - Pyright initial analysis complete, server ready
INFO  2025-12-26 22:44:45,678 sensai.util.logging:stop:367 - Language server startup (language=python) completed in 0.633 seconds
INFO  2025-12-26 22:45:04,197 solidlsp.ls:start:1886 - Starting language server with language markdown for /Users/reidpritchard/Documents/School/Master/1-Fall25/Creative Code/LED-plotter
INFO  2025-12-26 22:45:04,198 solidlsp.language_servers.marksman:_start_server:167 - Starting marksman server process
INFO  2025-12-26 22:45:04,198 solidlsp.ls_handler:start:194 - Starting language server process via command: /Users/reidpritchard/.serena/language_servers/static/Marksman/marksman server
INFO  2025-12-26 22:45:04,204 solidlsp.language_servers.marksman:_start_server:171 - Sending initialize request from LSP client to marksman server and awaiting response
INFO  2025-12-26 22:45:05,418 solidlsp.ls_handler:_read_ls_process_stderr:390 - [22:45:05 INF] <LSP Entry> Starting Marksman LSP server: {}

INFO  2025-12-26 22:45:05,910 solidlsp.ls_handler:_read_ls_process_stderr:390 - [22:45:05 INF] <Folder> Loading folder documents: {"uri": "file:///Users/reidpritchard/Documents/School/Master/1-Fall25/Creative%20Code/LED-plotter"}

INFO  2025-12-26 22:45:06,387 solidlsp.language_servers.marksman:_start_server:183 - Marksman server initialization complete
INFO  2025-12-26 22:45:06,387 sensai.util.logging:stop:367 - Language server startup (language=markdown) completed in 21.342 seconds
INFO  2025-12-26 22:45:06,388 serena.agent:stop:367 - Language server initialization completed in 21.343 seconds
INFO  2025-12-26 22:45:06,388 serena.task_executor:stop:367 - Task-1:init_language_server_manager completed in 21.343 seconds
INFO  2025-12-26 22:45:06,388 serena.task_executor:_process_task_queue:123 - Starting execution of Task-2:<lambda>
INFO  2025-12-26 22:45:06,388 serena.task_executor:start:360 - Task-2:<lambda> starting ...
INFO  2025-12-26 22:45:06,449 serena.task_executor:stop:367 - Task-2:<lambda> completed in 0.061 seconds
INFO  2025-12-26 22:45:06,449 serena.cli:health_check:735 - GetSymbolsOverviewTool returned 1 symbols
INFO  2025-12-26 22:45:06,450 serena.cli:health_check:756 - No class or function found, using first available symbol
INFO  2025-12-26 22:45:06,458 serena.cli:health_check:763 - Testing FindSymbolTool for symbol: LED Plotter
INFO  2025-12-26 22:45:06,458 serena.task_executor:issue_task:192 - Scheduling Task-3:<lambda>
INFO  2025-12-26 22:45:06,551 serena.task_executor:_process_task_queue:123 - Starting execution of Task-3:<lambda>
INFO  2025-12-26 22:45:06,551 serena.task_executor:start:360 - Task-3:<lambda> starting ...
ERROR 2025-12-26 22:45:06,552 solidlsp.ls:request_full_symbol_tree:1125 - You passed a file explicitly, but it is ignored. This is probably an error. File: README.md
INFO  2025-12-26 22:45:06,553 serena.task_executor:stop:367 - Task-3:<lambda> completed in 0.001 seconds
INFO  2025-12-26 22:45:06,553 serena.cli:health_check:768 - FindSymbolTool found 1 matches for symbol LED Plotter
INFO  2025-12-26 22:45:06,553 serena.cli:health_check:771 - Testing FindReferencingSymbolsTool for symbol: LED Plotter
INFO  2025-12-26 22:45:06,554 serena.task_executor:issue_task:192 - Scheduling Task-4:<lambda>
INFO  2025-12-26 22:45:06,658 serena.task_executor:_process_task_queue:123 - Starting execution of Task-4:<lambda>
INFO  2025-12-26 22:45:06,659 serena.task_executor:start:360 - Task-4:<lambda> starting ...
ERROR 2025-12-26 22:45:06,660 solidlsp.ls:request_full_symbol_tree:1125 - You passed a file explicitly, but it is ignored. This is probably an error. File: README.md
INFO  2025-12-26 22:45:08,688 serena.task_executor:stop:367 - Task-4:<lambda> completed in 2.029 seconds
INFO  2025-12-26 22:45:08,688 serena.cli:health_check:775 - FindReferencingSymbolsTool found 0 references for symbol LED Plotter
INFO  2025-12-26 22:45:08,689 serena.cli:health_check:781 - Testing SearchForPatternTool for pattern: LED Plotter
INFO  2025-12-26 22:45:08,689 serena.task_executor:issue_task:192 - Scheduling Task-5:<lambda>
INFO  2025-12-26 22:45:08,791 serena.task_executor:_process_task_queue:123 - Starting execution of Task-5:<lambda>
INFO  2025-12-26 22:45:08,792 serena.task_executor:start:360 - Task-5:<lambda> starting ...
INFO  2025-12-26 22:45:08,810 serena.text_utils:search_files:365 - Processing 26 files.
INFO  2025-12-26 22:45:08,837 serena.text_utils:search_files:406 - Found 9 total matches across 26 files
INFO  2025-12-26 22:45:08,838 serena.task_executor:stop:367 - Task-5:<lambda> completed in 0.046 seconds
INFO  2025-12-26 22:45:08,838 serena.cli:health_check:788 - SearchForPatternTool found 9 pattern matches for LED Plotter
INFO  2025-12-26 22:45:08,838 serena.cli:health_check:802 - Health check completed successfully
